
> soped-platform@1.0.0 build
> next build

  ▲ Next.js 14.2.5
  - Environments: .env.local

   Creating an optimized production build ...
 ✓ Compiled successfully
   Linting and checking validity of types ...
   Collecting page data ...
 ⚠ Using edge runtime on a page currently disables static generation for that page
   Generating static pages (0/32) ...
[INSCRIPCION] active form: mun
   Generating static pages (8/32) 
   Generating static pages (16/32) 
   Generating static pages (24/32) 
 ✓ Generating static pages (32/32)
   Finalizing page optimization ...
   Collecting build traces ...

Route (app)                              Size     First Load JS
┌ ○ /                                    3.26 kB        97.3 kB
├ ○ /_not-found                          148 B          87.4 kB
├ ƒ /api/register                        0 B                0 B
├ ○ /dashboard                           4.4 kB          222 kB
├ ○ /debate-escolar                      1.71 kB         101 kB
├ ○ /eventos                             3.33 kB         103 kB
├ ○ /inscripcion                         5.22 kB         164 kB
├ ○ /login                               2.62 kB         208 kB
├ ○ /mun                                 3.91 kB         103 kB
├ ● /mun/[id]                            1.78 kB         207 kB
├   └ /mun/demo
├ ○ /mun/admin                           2.14 kB         149 kB
├ ○ /mun/admin-v2                        3.28 kB         150 kB
├ ○ /mun/chair                           2.44 kB        89.7 kB
├ ● /mun/comite/[abbr]                   1.71 kB         101 kB
├   ├ /mun/comite/CSNU
├   ├ /mun/comite/AGONU
├   ├ /mun/comite/ECOSOC
├   └ [+9 more paths]
├ ○ /mun/dashboard                       3.35 kB         221 kB
├ ○ /mun/inscripcion                     1.97 kB         149 kB
├ ● /mun/session/[committeeId]           148 B          87.4 kB
├   └ /mun/session/demo-committee-01
├ ○ /nosotros                            6.11 kB         105 kB
├ ○ /programas                           1.71 kB         101 kB
└ ○ /register                            359 B          94.4 kB
+ First Load JS shared by all            87.2 kB
  ├ chunks/23-86714907913a4979.js        31.7 kB
  ├ chunks/fd9d1056-4e1a26e2d413ba3c.js  53.6 kB
  └ other shared chunks (total)          1.95 kB


○  (Static)   prerendered as static content
●  (SSG)      prerendered as static HTML (uses getStaticProps)
ƒ  (Dynamic)  server-rendered on demand

